<?xml version="1.0" encoding="UTF-8"?>
<testsuite xmlns:xsi="http://www.w3.org/2001/XMLSchema-instance" xsi:noNamespaceSchemaLocation="https://maven.apache.org/surefire/maven-surefire-plugin/xsd/surefire-test-report-3.0.xsd" version="3.0" name="com.RunnerClass.TestRunner" time="18.063" tests="71" errors="0" skipped="0" failures="0">
  <properties>
    <property name="sun.desktop" value="windows"/>
    <property name="awt.toolkit" value="sun.awt.windows.WToolkit"/>
    <property name="file.encoding.pkg" value="sun.io"/>
    <property name="java.specification.version" value="1.8"/>
    <property name="sun.cpu.isalist" value="amd64"/>
    <property name="sun.jnu.encoding" value="Cp1252"/>
    <property name="java.class.path" value="C:\Users\admin\eclipse-workspace\Adactin-Project\target\test-classes;C:\Users\admin\eclipse-workspace\Adactin-Project\target\classes;C:\Users\admin\.m2\repository\org\seleniumhq\selenium\selenium-java\3.141.59\selenium-java-3.141.59.jar;C:\Users\admin\.m2\repository\org\seleniumhq\selenium\selenium-api\3.141.59\selenium-api-3.141.59.jar;C:\Users\admin\.m2\repository\org\seleniumhq\selenium\selenium-chrome-driver\3.141.59\selenium-chrome-driver-3.141.59.jar;C:\Users\admin\.m2\repository\org\seleniumhq\selenium\selenium-edge-driver\3.141.59\selenium-edge-driver-3.141.59.jar;C:\Users\admin\.m2\repository\org\seleniumhq\selenium\selenium-firefox-driver\3.141.59\selenium-firefox-driver-3.141.59.jar;C:\Users\admin\.m2\repository\org\seleniumhq\selenium\selenium-ie-driver\3.141.59\selenium-ie-driver-3.141.59.jar;C:\Users\admin\.m2\repository\org\seleniumhq\selenium\selenium-opera-driver\3.141.59\selenium-opera-driver-3.141.59.jar;C:\Users\admin\.m2\repository\org\seleniumhq\selenium\selenium-remote-driver\3.141.59\selenium-remote-driver-3.141.59.jar;C:\Users\admin\.m2\repository\org\seleniumhq\selenium\selenium-safari-driver\3.141.59\selenium-safari-driver-3.141.59.jar;C:\Users\admin\.m2\repository\org\seleniumhq\selenium\selenium-support\3.141.59\selenium-support-3.141.59.jar;C:\Users\admin\.m2\repository\net\bytebuddy\byte-buddy\1.8.15\byte-buddy-1.8.15.jar;C:\Users\admin\.m2\repository\org\apache\commons\commons-exec\1.3\commons-exec-1.3.jar;C:\Users\admin\.m2\repository\com\google\guava\guava\25.0-jre\guava-25.0-jre.jar;C:\Users\admin\.m2\repository\com\google\code\findbugs\jsr305\1.3.9\jsr305-1.3.9.jar;C:\Users\admin\.m2\repository\org\checkerframework\checker-compat-qual\2.0.0\checker-compat-qual-2.0.0.jar;C:\Users\admin\.m2\repository\com\google\errorprone\error_prone_annotations\2.1.3\error_prone_annotations-2.1.3.jar;C:\Users\admin\.m2\repository\com\google\j2objc\j2objc-annotations\1.1\j2objc-annotations-1.1.jar;C:\Users\admin\.m2\repository\org\codehaus\mojo\animal-sniffer-annotations\1.14\animal-sniffer-annotations-1.14.jar;C:\Users\admin\.m2\repository\com\squareup\okhttp3\okhttp\3.11.0\okhttp-3.11.0.jar;C:\Users\admin\.m2\repository\com\squareup\okio\okio\1.14.0\okio-1.14.0.jar;C:\Users\admin\.m2\repository\junit\junit\4.12\junit-4.12.jar;C:\Users\admin\.m2\repository\org\hamcrest\hamcrest-core\1.3\hamcrest-core-1.3.jar;C:\Users\admin\.m2\repository\commons-io\commons-io\2.6\commons-io-2.6.jar;C:\Users\admin\.m2\repository\info\cukes\cucumber-java\1.2.5\cucumber-java-1.2.5.jar;C:\Users\admin\.m2\repository\info\cukes\cucumber-core\1.2.5\cucumber-core-1.2.5.jar;C:\Users\admin\.m2\repository\info\cukes\cucumber-html\0.2.3\cucumber-html-0.2.3.jar;C:\Users\admin\.m2\repository\info\cukes\cucumber-jvm-deps\1.0.5\cucumber-jvm-deps-1.0.5.jar;C:\Users\admin\.m2\repository\info\cukes\cucumber-junit\1.2.5\cucumber-junit-1.2.5.jar;C:\Users\admin\.m2\repository\info\cukes\gherkin\2.12.2\gherkin-2.12.2.jar;C:\Users\admin\.m2\repository\com\vimalselvam\cucumber-extentsreport\3.0.2\cucumber-extentsreport-3.0.2.jar;C:\Users\admin\.m2\repository\com\aventstack\extentreports\3.0.6\extentreports-3.0.6.jar;C:\Users\admin\.m2\repository\org\freemarker\freemarker\2.3.23\freemarker-2.3.23.jar;C:\Users\admin\.m2\repository\org\mongodb\mongodb-driver\3.3.0\mongodb-driver-3.3.0.jar;C:\Users\admin\.m2\repository\org\mongodb\bson\3.3.0\bson-3.3.0.jar;C:\Users\admin\.m2\repository\org\mongodb\mongodb-driver-core\3.3.0\mongodb-driver-core-3.3.0.jar;C:\Users\admin\.m2\repository\org\apache\httpcomponents\httpclient\4.5.2\httpclient-4.5.2.jar;C:\Users\admin\.m2\repository\org\apache\httpcomponents\httpcore\4.4.4\httpcore-4.4.4.jar;C:\Users\admin\.m2\repository\commons-logging\commons-logging\1.2\commons-logging-1.2.jar;C:\Users\admin\.m2\repository\commons-codec\commons-codec\1.9\commons-codec-1.9.jar;C:\Users\admin\.m2\repository\org\apache\httpcomponents\httpmime\4.5.2\httpmime-4.5.2.jar;C:\Users\admin\.m2\repository\org\jsoup\jsoup\1.9.2\jsoup-1.9.2.jar;"/>
    <property name="java.vm.vendor" value="Oracle Corporation"/>
    <property name="sun.arch.data.model" value="64"/>
    <property name="user.variant" value=""/>
    <property name="java.vendor.url" value="http://java.oracle.com/"/>
    <property name="user.timezone" value="Asia/Calcutta"/>
    <property name="java.vm.specification.version" value="1.8"/>
    <property name="os.name" value="Windows 10"/>
    <property name="user.country" value="IN"/>
    <property name="sun.java.launcher" value="SUN_STANDARD"/>
    <property name="sun.boot.library.path" value="C:\Program Files\Java\jdk1.8.0_201\jre\bin"/>
    <property name="sun.java.command" value="C:\Users\admin\AppData\Local\Temp\surefire5502344106588145430\surefirebooter165690875049412680.jar C:\Users\admin\AppData\Local\Temp\surefire5502344106588145430 2019-06-15T12-02-32_754-jvmRun1 surefire5026717151275302717tmp surefire_06821161352621315693tmp"/>
    <property name="surefire.test.class.path" value="C:\Users\admin\eclipse-workspace\Adactin-Project\target\test-classes;C:\Users\admin\eclipse-workspace\Adactin-Project\target\classes;C:\Users\admin\.m2\repository\org\seleniumhq\selenium\selenium-java\3.141.59\selenium-java-3.141.59.jar;C:\Users\admin\.m2\repository\org\seleniumhq\selenium\selenium-api\3.141.59\selenium-api-3.141.59.jar;C:\Users\admin\.m2\repository\org\seleniumhq\selenium\selenium-chrome-driver\3.141.59\selenium-chrome-driver-3.141.59.jar;C:\Users\admin\.m2\repository\org\seleniumhq\selenium\selenium-edge-driver\3.141.59\selenium-edge-driver-3.141.59.jar;C:\Users\admin\.m2\repository\org\seleniumhq\selenium\selenium-firefox-driver\3.141.59\selenium-firefox-driver-3.141.59.jar;C:\Users\admin\.m2\repository\org\seleniumhq\selenium\selenium-ie-driver\3.141.59\selenium-ie-driver-3.141.59.jar;C:\Users\admin\.m2\repository\org\seleniumhq\selenium\selenium-opera-driver\3.141.59\selenium-opera-driver-3.141.59.jar;C:\Users\admin\.m2\repository\org\seleniumhq\selenium\selenium-remote-driver\3.141.59\selenium-remote-driver-3.141.59.jar;C:\Users\admin\.m2\repository\org\seleniumhq\selenium\selenium-safari-driver\3.141.59\selenium-safari-driver-3.141.59.jar;C:\Users\admin\.m2\repository\org\seleniumhq\selenium\selenium-support\3.141.59\selenium-support-3.141.59.jar;C:\Users\admin\.m2\repository\net\bytebuddy\byte-buddy\1.8.15\byte-buddy-1.8.15.jar;C:\Users\admin\.m2\repository\org\apache\commons\commons-exec\1.3\commons-exec-1.3.jar;C:\Users\admin\.m2\repository\com\google\guava\guava\25.0-jre\guava-25.0-jre.jar;C:\Users\admin\.m2\repository\com\google\code\findbugs\jsr305\1.3.9\jsr305-1.3.9.jar;C:\Users\admin\.m2\repository\org\checkerframework\checker-compat-qual\2.0.0\checker-compat-qual-2.0.0.jar;C:\Users\admin\.m2\repository\com\google\errorprone\error_prone_annotations\2.1.3\error_prone_annotations-2.1.3.jar;C:\Users\admin\.m2\repository\com\google\j2objc\j2objc-annotations\1.1\j2objc-annotations-1.1.jar;C:\Users\admin\.m2\repository\org\codehaus\mojo\animal-sniffer-annotations\1.14\animal-sniffer-annotations-1.14.jar;C:\Users\admin\.m2\repository\com\squareup\okhttp3\okhttp\3.11.0\okhttp-3.11.0.jar;C:\Users\admin\.m2\repository\com\squareup\okio\okio\1.14.0\okio-1.14.0.jar;C:\Users\admin\.m2\repository\junit\junit\4.12\junit-4.12.jar;C:\Users\admin\.m2\repository\org\hamcrest\hamcrest-core\1.3\hamcrest-core-1.3.jar;C:\Users\admin\.m2\repository\commons-io\commons-io\2.6\commons-io-2.6.jar;C:\Users\admin\.m2\repository\info\cukes\cucumber-java\1.2.5\cucumber-java-1.2.5.jar;C:\Users\admin\.m2\repository\info\cukes\cucumber-core\1.2.5\cucumber-core-1.2.5.jar;C:\Users\admin\.m2\repository\info\cukes\cucumber-html\0.2.3\cucumber-html-0.2.3.jar;C:\Users\admin\.m2\repository\info\cukes\cucumber-jvm-deps\1.0.5\cucumber-jvm-deps-1.0.5.jar;C:\Users\admin\.m2\repository\info\cukes\cucumber-junit\1.2.5\cucumber-junit-1.2.5.jar;C:\Users\admin\.m2\repository\info\cukes\gherkin\2.12.2\gherkin-2.12.2.jar;C:\Users\admin\.m2\repository\com\vimalselvam\cucumber-extentsreport\3.0.2\cucumber-extentsreport-3.0.2.jar;C:\Users\admin\.m2\repository\com\aventstack\extentreports\3.0.6\extentreports-3.0.6.jar;C:\Users\admin\.m2\repository\org\freemarker\freemarker\2.3.23\freemarker-2.3.23.jar;C:\Users\admin\.m2\repository\org\mongodb\mongodb-driver\3.3.0\mongodb-driver-3.3.0.jar;C:\Users\admin\.m2\repository\org\mongodb\bson\3.3.0\bson-3.3.0.jar;C:\Users\admin\.m2\repository\org\mongodb\mongodb-driver-core\3.3.0\mongodb-driver-core-3.3.0.jar;C:\Users\admin\.m2\repository\org\apache\httpcomponents\httpclient\4.5.2\httpclient-4.5.2.jar;C:\Users\admin\.m2\repository\org\apache\httpcomponents\httpcore\4.4.4\httpcore-4.4.4.jar;C:\Users\admin\.m2\repository\commons-logging\commons-logging\1.2\commons-logging-1.2.jar;C:\Users\admin\.m2\repository\commons-codec\commons-codec\1.9\commons-codec-1.9.jar;C:\Users\admin\.m2\repository\org\apache\httpcomponents\httpmime\4.5.2\httpmime-4.5.2.jar;C:\Users\admin\.m2\repository\org\jsoup\jsoup\1.9.2\jsoup-1.9.2.jar;"/>
    <property name="sun.cpu.endian" value="little"/>
    <property name="user.home" value="C:\Users\admin"/>
    <property name="user.language" value="en"/>
    <property name="java.specification.vendor" value="Oracle Corporation"/>
    <property name="java.home" value="C:\Program Files\Java\jdk1.8.0_201\jre"/>
    <property name="basedir" value="C:\Users\admin\eclipse-workspace\Adactin-Project"/>
    <property name="file.separator" value="\"/>
    <property name="line.separator" value="&#10;"/>
    <property name="java.vm.specification.vendor" value="Oracle Corporation"/>
    <property name="java.specification.name" value="Java Platform API Specification"/>
    <property name="java.awt.graphicsenv" value="sun.awt.Win32GraphicsEnvironment"/>
    <property name="surefire.real.class.path" value="C:\Users\admin\AppData\Local\Temp\surefire5502344106588145430\surefirebooter165690875049412680.jar"/>
    <property name="sun.boot.class.path" value="C:\Program Files\Java\jdk1.8.0_201\jre\lib\resources.jar;C:\Program Files\Java\jdk1.8.0_201\jre\lib\rt.jar;C:\Program Files\Java\jdk1.8.0_201\jre\lib\sunrsasign.jar;C:\Program Files\Java\jdk1.8.0_201\jre\lib\jsse.jar;C:\Program Files\Java\jdk1.8.0_201\jre\lib\jce.jar;C:\Program Files\Java\jdk1.8.0_201\jre\lib\charsets.jar;C:\Program Files\Java\jdk1.8.0_201\jre\lib\jfr.jar;C:\Program Files\Java\jdk1.8.0_201\jre\classes"/>
    <property name="user.script" value=""/>
    <property name="sun.management.compiler" value="HotSpot 64-Bit Tiered Compilers"/>
    <property name="java.runtime.version" value="1.8.0_201-b09"/>
    <property name="user.name" value="admin"/>
    <property name="path.separator" value=";"/>
    <property name="os.version" value="10.0"/>
    <property name="java.endorsed.dirs" value="C:\Program Files\Java\jdk1.8.0_201\jre\lib\endorsed"/>
    <property name="java.runtime.name" value="Java(TM) SE Runtime Environment"/>
    <property name="file.encoding" value="Cp1252"/>
    <property name="java.vm.name" value="Java HotSpot(TM) 64-Bit Server VM"/>
    <property name="localRepository" value="C:\Users\admin\.m2\repository"/>
    <property name="java.vendor.url.bug" value="http://bugreport.sun.com/bugreport/"/>
    <property name="java.io.tmpdir" value="C:\Users\admin\AppData\Local\Temp\"/>
    <property name="java.version" value="1.8.0_201"/>
    <property name="user.dir" value="C:\Users\admin\eclipse-workspace\Adactin-Project"/>
    <property name="os.arch" value="amd64"/>
    <property name="java.vm.specification.name" value="Java Virtual Machine Specification"/>
    <property name="java.awt.printerjob" value="sun.awt.windows.WPrinterJob"/>
    <property name="sun.os.patch.level" value=""/>
    <property name="java.library.path" value="C:\Program Files\Java\jdk1.8.0_201\jre\bin;C:\Windows\Sun\Java\bin;C:\Windows\system32;C:\Windows;C:/Program Files/Java/jre1.8.0_201/bin/server;C:/Program Files/Java/jre1.8.0_201/bin;C:/Program Files/Java/jre1.8.0_201/lib/amd64;C:\Program Files\Broadcom\Broadcom 802.11 Network Adapter;C:\Program Files (x86)\Common Files\Oracle\Java\javapath;C:\Windows\system32;C:\Windows;C:\Windows\System32\Wbem;C:\Windows\System32\WindowsPowerShell\v1.0\;C:\Program Files\Java\jdk1.8.0_201\bin;C:\Users\admin\Downloads\maven\apache-maven-3.6.1\bin;C:\Program Files\Git\cmd;C:\Users\admin\AppData\Local\Microsoft\WindowsApps;;C:\eclipse;;."/>
    <property name="java.vm.info" value="mixed mode"/>
    <property name="java.vendor" value="Oracle Corporation"/>
    <property name="java.vm.version" value="25.201-b09"/>
    <property name="java.ext.dirs" value="C:\Program Files\Java\jdk1.8.0_201\jre\lib\ext;C:\Windows\Sun\Java\lib\ext"/>
    <property name="sun.io.unicode.encoding" value="UnicodeLittle"/>
    <property name="java.class.version" value="52.0"/>
  </properties>
  <testcase name="Given User should launch the adactin application" classname="| Sydney | Hotel Creek | Standard | 1 | 05/06/2019 | 03/06/2019 |" time="0.002"/>
  <testcase name="Then User should Validate the login page" classname="| Sydney | Hotel Creek | Standard | 1 | 05/06/2019 | 03/06/2019 |" time="0"/>
  <testcase name="Then User enter the username &quot;&lt;username&gt;&quot; and password &quot;&lt;password&gt;&quot;" classname="| Sydney | Hotel Creek | Standard | 1 | 05/06/2019 | 03/06/2019 |" time="0"/>
  <testcase name="Then User enter the login button" classname="| Sydney | Hotel Creek | Standard | 1 | 05/06/2019 | 03/06/2019 |" time="0"/>
  <testcase name="Then User verify that correct username is displayed on the login page" classname="| Sydney | Hotel Creek | Standard | 1 | 05/06/2019 | 03/06/2019 |" time="0"/>
  <testcase name="Then User should location as in test data &quot;Sydney&quot;" classname="| Sydney | Hotel Creek | Standard | 1 | 05/06/2019 | 03/06/2019 |" time="0"/>
  <testcase name="And User should hotel as in test data &quot;Hotel Creek&quot;" classname="| Sydney | Hotel Creek | Standard | 1 | 05/06/2019 | 03/06/2019 |" time="0"/>
  <testcase name="And User should room type as in test data &quot;Standard&quot;" classname="| Sydney | Hotel Creek | Standard | 1 | 05/06/2019 | 03/06/2019 |" time="0"/>
  <testcase name="And User should no-of-rooms as in test data &quot;1&quot;" classname="| Sydney | Hotel Creek | Standard | 1 | 05/06/2019 | 03/06/2019 |" time="0"/>
  <testcase name="And User Enter check-in-date as in test data &quot;05/06/2019&quot;" classname="| Sydney | Hotel Creek | Standard | 1 | 05/06/2019 | 03/06/2019 |" time="0"/>
  <testcase name="And User Enter check-out-date as in test data &quot;03/06/2019&quot;" classname="| Sydney | Hotel Creek | Standard | 1 | 05/06/2019 | 03/06/2019 |" time="0"/>
  <testcase name="Then User Verify that system gives an error message for check in date" classname="| Sydney | Hotel Creek | Standard | 1 | 05/06/2019 | 03/06/2019 |" time="0"/>
  <testcase name="Then User Verify that system gives an error message for check out date" classname="| Sydney | Hotel Creek | Standard | 1 | 05/06/2019 | 03/06/2019 |" time="0"/>
  <testcase name="Then User click the search button" classname="| Sydney | Hotel Creek | Standard | 1 | 05/06/2019 | 03/06/2019 |" time="0"/>
  <testcase name="| Sydney | Hotel Creek | Standard | 1 | 05/06/2019 | 03/06/2019 |" classname="| Sydney | Hotel Creek | Standard | 1 | 05/06/2019 | 03/06/2019 |" time="0.001"/>
  <testcase name="Given User should launch the adactin application" classname="| Sydney | Hotel Creek | Standard | 1 | 26/05/2019 | 23/05/2019 |" time="0"/>
  <testcase name="Then User should Validate the login page" classname="| Sydney | Hotel Creek | Standard | 1 | 26/05/2019 | 23/05/2019 |" time="0"/>
  <testcase name="Then User enter the username &quot;&lt;username&gt;&quot; and password &quot;&lt;password&gt;&quot;" classname="| Sydney | Hotel Creek | Standard | 1 | 26/05/2019 | 23/05/2019 |" time="0"/>
  <testcase name="Then User enter the login button" classname="| Sydney | Hotel Creek | Standard | 1 | 26/05/2019 | 23/05/2019 |" time="0"/>
  <testcase name="Then User verify that correct username is displayed on the login page" classname="| Sydney | Hotel Creek | Standard | 1 | 26/05/2019 | 23/05/2019 |" time="0"/>
  <testcase name="Then User should location as in test data &quot;Sydney&quot;" classname="| Sydney | Hotel Creek | Standard | 1 | 26/05/2019 | 23/05/2019 |" time="0"/>
  <testcase name="And User should hotel as in test data &quot;Hotel Creek&quot;" classname="| Sydney | Hotel Creek | Standard | 1 | 26/05/2019 | 23/05/2019 |" time="0"/>
  <testcase name="And User should room type as in test data &quot;Standard&quot;" classname="| Sydney | Hotel Creek | Standard | 1 | 26/05/2019 | 23/05/2019 |" time="0"/>
  <testcase name="And User should no-of-rooms as in test data &quot;1&quot;" classname="| Sydney | Hotel Creek | Standard | 1 | 26/05/2019 | 23/05/2019 |" time="0"/>
  <testcase name="And User Enter check-in-date as in test data - before &quot;26/05/2019&quot;" classname="| Sydney | Hotel Creek | Standard | 1 | 26/05/2019 | 23/05/2019 |" time="0"/>
  <testcase name="And User Enter check-out-date as in test data - before &quot;23/05/2019&quot;" classname="| Sydney | Hotel Creek | Standard | 1 | 26/05/2019 | 23/05/2019 |" time="0"/>
  <testcase name="Then User click the search button" classname="| Sydney | Hotel Creek | Standard | 1 | 26/05/2019 | 23/05/2019 |" time="0"/>
  <testcase name="| Sydney | Hotel Creek | Standard | 1 | 26/05/2019 | 23/05/2019 |" classname="| Sydney | Hotel Creek | Standard | 1 | 26/05/2019 | 23/05/2019 |" time="0.001"/>
  <testcase name="Given User should launch the adactin application" classname="| Sydney | Hotel Creek | Standard | 1 | 01/06/2019 | 02/06/2019 | 1 | 1 |" time="0"/>
  <testcase name="Given User should launch the adactin application" classname="| Sydney | Hotel Creek | Standard | 1 | 01/06/2019 | 02/06/2019 | 1 | 1 |" time="0"/>
  <testcase name="Given User should launch the adactin application" classname="| Sydney | Hotel Creek | Standard | 1 | 01/06/2019 | 02/06/2019 | 1 | 1 |" time="0"/>
  <testcase name="Then User should Validate the login page" classname="| Sydney | Hotel Creek | Standard | 1 | 01/06/2019 | 02/06/2019 | 1 | 1 |" time="0"/>
  <testcase name="Then User should Validate the login page" classname="| Sydney | Hotel Creek | Standard | 1 | 01/06/2019 | 02/06/2019 | 1 | 1 |" time="0"/>
  <testcase name="Then User should Validate the login page" classname="| Sydney | Hotel Creek | Standard | 1 | 01/06/2019 | 02/06/2019 | 1 | 1 |" time="0"/>
  <testcase name="Then User enter the username &quot;&lt;username&gt;&quot; and password &quot;&lt;password&gt;&quot;" classname="| Sydney | Hotel Creek | Standard | 1 | 01/06/2019 | 02/06/2019 | 1 | 1 |" time="0"/>
  <testcase name="Then User enter the username &quot;&lt;username&gt;&quot; and password &quot;&lt;password&gt;&quot;" classname="| Sydney | Hotel Creek | Standard | 1 | 01/06/2019 | 02/06/2019 | 1 | 1 |" time="0"/>
  <testcase name="Then User enter the username &quot;&lt;username&gt;&quot; and password &quot;&lt;password&gt;&quot;" classname="| Sydney | Hotel Creek | Standard | 1 | 01/06/2019 | 02/06/2019 | 1 | 1 |" time="0"/>
  <testcase name="Then User enter the login button" classname="| Sydney | Hotel Creek | Standard | 1 | 01/06/2019 | 02/06/2019 | 1 | 1 |" time="0"/>
  <testcase name="Then User enter the login button" classname="| Sydney | Hotel Creek | Standard | 1 | 01/06/2019 | 02/06/2019 | 1 | 1 |" time="0"/>
  <testcase name="Then User enter the login button" classname="| Sydney | Hotel Creek | Standard | 1 | 01/06/2019 | 02/06/2019 | 1 | 1 |" time="0"/>
  <testcase name="Then User verify that correct username is displayed on the login page" classname="| Sydney | Hotel Creek | Standard | 1 | 01/06/2019 | 02/06/2019 | 1 | 1 |" time="0"/>
  <testcase name="Then User verify that correct username is displayed on the login page" classname="| Sydney | Hotel Creek | Standard | 1 | 01/06/2019 | 02/06/2019 | 1 | 1 |" time="0"/>
  <testcase name="Then User verify that correct username is displayed on the login page" classname="| Sydney | Hotel Creek | Standard | 1 | 01/06/2019 | 02/06/2019 | 1 | 1 |" time="0"/>
  <testcase name="Then User should location as in test data &quot;Sydney&quot;" classname="| Sydney | Hotel Creek | Standard | 1 | 01/06/2019 | 02/06/2019 | 1 | 1 |" time="0"/>
  <testcase name="Then User should location as in test data &quot;Sydney&quot;" classname="| Sydney | Hotel Creek | Standard | 1 | 01/06/2019 | 02/06/2019 | 1 | 1 |" time="0"/>
  <testcase name="Then User should location as in test data &quot;Sydney&quot;" classname="| Sydney | Hotel Creek | Standard | 1 | 01/06/2019 | 02/06/2019 | 1 | 1 |" time="0"/>
  <testcase name="And User should hotel as in test data &quot;Hotel Creek&quot;" classname="| Sydney | Hotel Creek | Standard | 1 | 01/06/2019 | 02/06/2019 | 1 | 1 |" time="0"/>
  <testcase name="And User should hotel as in test data &quot;Hotel Creek&quot;" classname="| Sydney | Hotel Creek | Standard | 1 | 01/06/2019 | 02/06/2019 | 1 | 1 |" time="0"/>
  <testcase name="And User should hotel as in test data &quot;Hotel Creek&quot;" classname="| Sydney | Hotel Creek | Standard | 1 | 01/06/2019 | 02/06/2019 | 1 | 1 |" time="0"/>
  <testcase name="And User should room type as in test data &quot;Standard&quot;" classname="| Sydney | Hotel Creek | Standard | 1 | 01/06/2019 | 02/06/2019 | 1 | 1 |" time="0"/>
  <testcase name="And User should room type as in test data &quot;Standard&quot;" classname="| Sydney | Hotel Creek | Standard | 1 | 01/06/2019 | 02/06/2019 | 1 | 1 |" time="0"/>
  <testcase name="And User should room type as in test data &quot;Standard&quot;" classname="| Sydney | Hotel Creek | Standard | 1 | 01/06/2019 | 02/06/2019 | 1 | 1 |" time="0"/>
  <testcase name="And User should no-of-rooms as in test data &quot;1&quot;" classname="| Sydney | Hotel Creek | Standard | 1 | 01/06/2019 | 02/06/2019 | 1 | 1 |" time="0"/>
  <testcase name="And User should no-of-rooms as in test data &quot;1&quot;" classname="| Sydney | Hotel Creek | Standard | 1 | 01/06/2019 | 02/06/2019 | 1 | 1 |" time="0"/>
  <testcase name="And User should no-of-rooms as in test data &quot;1&quot;" classname="| Sydney | Hotel Creek | Standard | 1 | 01/06/2019 | 02/06/2019 | 1 | 1 |" time="0"/>
  <testcase name="And User should enter the today date &quot;01/06/2019&quot;" classname="| Sydney | Hotel Creek | Standard | 1 | 01/06/2019 | 02/06/2019 | 1 | 1 |" time="0"/>
  <testcase name="And User should enter the today date &quot;01/06/2019&quot;" classname="| Sydney | Hotel Creek | Standard | 1 | 01/06/2019 | 02/06/2019 | 1 | 1 |" time="0"/>
  <testcase name="And User should enter the today date &quot;01/06/2019&quot;" classname="| Sydney | Hotel Creek | Standard | 1 | 01/06/2019 | 02/06/2019 | 1 | 1 |" time="0"/>
  <testcase name="And User should enter the tomorrow date &quot;02/06/2019&quot;" classname="| Sydney | Hotel Creek | Standard | 1 | 01/06/2019 | 02/06/2019 | 1 | 1 |" time="0"/>
  <testcase name="And User should enter the tomorrow date &quot;02/06/2019&quot;" classname="| Sydney | Hotel Creek | Standard | 1 | 01/06/2019 | 02/06/2019 | 1 | 1 |" time="0"/>
  <testcase name="And User should enter the tomorrow date &quot;02/06/2019&quot;" classname="| Sydney | Hotel Creek | Standard | 1 | 01/06/2019 | 02/06/2019 | 1 | 1 |" time="0"/>
  <testcase name="Then User should enter the no of Adults &quot;1&quot; and number of childrens &quot;1&quot;" classname="| Sydney | Hotel Creek | Standard | 1 | 01/06/2019 | 02/06/2019 | 1 | 1 |" time="0"/>
  <testcase name="Then User should enter the no of Adults &quot;1&quot; and number of childrens &quot;1&quot;" classname="| Sydney | Hotel Creek | Standard | 1 | 01/06/2019 | 02/06/2019 | 1 | 1 |" time="0.001"/>
  <testcase name="Then User should enter the no of Adults &quot;1&quot; and number of childrens &quot;1&quot;" classname="| Sydney | Hotel Creek | Standard | 1 | 01/06/2019 | 02/06/2019 | 1 | 1 |" time="0"/>
  <testcase name="Then User click the search button" classname="| Sydney | Hotel Creek | Standard | 1 | 01/06/2019 | 02/06/2019 | 1 | 1 |" time="0"/>
  <testcase name="Then User click the search button" classname="| Sydney | Hotel Creek | Standard | 1 | 01/06/2019 | 02/06/2019 | 1 | 1 |" time="0"/>
  <testcase name="Then User click the search button" classname="| Sydney | Hotel Creek | Standard | 1 | 01/06/2019 | 02/06/2019 | 1 | 1 |" time="0"/>
  <testcase name="| Sydney | Hotel Creek | Standard | 1 | 01/06/2019 | 02/06/2019 | 1 | 1 |" classname="| Sydney | Hotel Creek | Standard | 1 | 01/06/2019 | 02/06/2019 | 1 | 1 |" time="0.001"/>
  <testcase name="| Sydney | Hotel Creek | Standard | 1 | 01/06/2019 | 02/06/2019 | 1 | 1 |" classname="| Sydney | Hotel Creek | Standard | 1 | 01/06/2019 | 02/06/2019 | 1 | 1 |" time="0.003"/>
  <testcase name="| Sydney | Hotel Creek | Standard | 1 | 01/06/2019 | 02/06/2019 | 1 | 1 |" classname="| Sydney | Hotel Creek | Standard | 1 | 01/06/2019 | 02/06/2019 | 1 | 1 |" time="0.001"/>
  <testcase name="Then verify that room enters in search page should be match with next page" classname="| Sydney | Hotel Creek | Standard | 1 | 01/06/2019 | 02/06/2019 | 1 | 1 |" time="0"/>
</testsuite>